<?xml version="1.0" encoding="UTF-8"?>
<testng-results skipped="0" failed="0" ignored="0" total="1" passed="1">
  <reporter-output>
  </reporter-output>
  <suite name="Default suite" duration-ms="9074" started-at="2019-01-05T01:45:21Z" finished-at="2019-01-05T01:45:30Z">
    <groups>
    </groups>
    <test name="Default test" duration-ms="9074" started-at="2019-01-05T01:45:21Z" finished-at="2019-01-05T01:45:30Z">
      <class name="SampleFunctionalTest.Sample">
        <test-method status="PASS" signature="testGoogleSearch()[pri:0, instance:SampleFunctionalTest.Sample@32d992b2]" name="testGoogleSearch" duration-ms="9057" started-at="2019-01-05T01:45:21Z" finished-at="2019-01-05T01:45:30Z">
          <reporter-output>
          </reporter-output>
        </test-method> <!-- testGoogleSearch -->
      </class> <!-- SampleFunctionalTest.Sample -->
    </test> <!-- Default test -->
  </suite> <!-- Default suite -->
</testng-results>
